     1                                  section .text
     2                                  global removerng
     3                                  
     4                                  removerng:
     5                                      ; prologue
     6 00000000 55                          push ebp
     7 00000001 89E5                        mov ebp, esp
     8                                  
     9 00000003 8B5508                      mov edx, [ebp + 8]
    10 00000006 89D1                        mov ecx, edx
    11                                  
    12                                  nextchar:
    13 00000008 8A02                        mov al, [edx]
    14 0000000A 42                          inc edx
    15                                  
    16 0000000B 84C0                        test al, al
    17 0000000D 740F                        jz done
    18                                  
    19 0000000F 3C67                        cmp al, 'g'
    20 00000011 7C06                        jl savechar
    21                                  
    22 00000013 3C6C                        cmp al, 'l'
    23 00000015 7F02                        jg savechar
    24                                  
    25                                  
    26 00000017 EBEF                        jmp nextchar
    27                                  
    28                                  savechar:
    29 00000019 8801                        mov [ecx], al
    30 0000001B 41                          inc ecx
    31 0000001C EBEA                        jmp nextchar
    32                                  
    33                                  done:
    34 0000001E C60100                      mov byte [ecx], 0
    35 00000021 8B4508                      mov eax, [ebp + 8]
    36 00000024 5D                          pop ebp
    37 00000025 C3                          ret
